<?xml version="1.0" encoding="UTF-8"?>
<robot generator="Robot 3.1.2 (Python 3.7.5 on linux)" generated="20200321 01:32:44.175" rpa="false">
<suite id="s1" name="TC1" source="/home/edyta/PycharmProjects/firstOne/TestCases/TC1.robot">
<test id="s1-t1" name="AddValues">
<kw name="Create Sessions">
<kw name="Create Session" library="RequestsLibrary">
<doc>Create Session: create a HTTP session to a server</doc>
<arguments>
<arg>calculator_url</arg>
<arg>${base_url}</arg>
</arguments>
<msg timestamp="20200321 01:32:44.233" level="INFO">Creating Session using : alias=calculator_url, url=http://localhost:8080, headers={},                     cookies={}, auth=None, timeout=None, proxies=None, verify=False,                     debug=0 </msg>
<status status="PASS" starttime="20200321 01:32:44.233" endtime="20200321 01:32:44.233"></status>
</kw>
<status status="PASS" starttime="20200321 01:32:44.232" endtime="20200321 01:32:44.233"></status>
</kw>
<kw name="Check Status And Content Type">
<kw name="Check Status">
<kw name="Create Dictionary And Send Request">
<arguments>
<arg>${val1}</arg>
<arg>${val2}</arg>
</arguments>
<assign>
<var>${response}</var>
</assign>
<kw name="Create Dictionary" library="BuiltIn">
<doc>Creates and returns a dictionary based on the given ``items``.</doc>
<arguments>
<arg>val1=${val1}</arg>
<arg>val2=${val2}</arg>
</arguments>
<assign>
<var>${params}</var>
</assign>
<msg timestamp="20200321 01:32:44.234" level="INFO">${params} = {'val1': '4', 'val2': '4'}</msg>
<status status="PASS" starttime="20200321 01:32:44.234" endtime="20200321 01:32:44.234"></status>
</kw>
<kw name="Get Request" library="RequestsLibrary">
<doc>Send a GET request on the session object found using the
given `alias`</doc>
<arguments>
<arg>calculator_url</arg>
<arg>${endpoint}</arg>
<arg>params=${params}</arg>
</arguments>
<assign>
<var>${response}</var>
</assign>
<msg timestamp="20200321 01:32:44.234" level="INFO">GET Request using : uri=/v1/add?, params={'val1': '4', 'val2': '4'}, allow_redirects=True, timeout=None
headers={'User-Agent': 'python-requests/2.23.0', 'Accept-Encoding': 'gzip, deflate', 'Accept': '*/*', 'Connection': 'keep-alive'} 
data=None 
json=None</msg>
<msg timestamp="20200321 01:32:44.239" level="INFO">${response} = &lt;Response [200]&gt;</msg>
<status status="PASS" starttime="20200321 01:32:44.234" endtime="20200321 01:32:44.239"></status>
</kw>
<msg timestamp="20200321 01:32:44.239" level="INFO">${response} = &lt;Response [200]&gt;</msg>
<status status="PASS" starttime="20200321 01:32:44.234" endtime="20200321 01:32:44.239"></status>
</kw>
<kw name="Convert To String" library="BuiltIn">
<doc>Converts the given item to a Unicode string.</doc>
<arguments>
<arg>${response.status_code}</arg>
</arguments>
<assign>
<var>${status_code}</var>
</assign>
<msg timestamp="20200321 01:32:44.240" level="INFO">${status_code} = 200</msg>
<status status="PASS" starttime="20200321 01:32:44.239" endtime="20200321 01:32:44.240"></status>
</kw>
<kw name="Should Be Equal" library="BuiltIn">
<doc>Fails if the given objects are unequal.</doc>
<arguments>
<arg>${status_code}</arg>
<arg>200</arg>
</arguments>
<status status="PASS" starttime="20200321 01:32:44.240" endtime="20200321 01:32:44.240"></status>
</kw>
<status status="PASS" starttime="20200321 01:32:44.233" endtime="20200321 01:32:44.240"></status>
</kw>
<kw name="Check Content Type">
<kw name="Create Dictionary And Send Request">
<arguments>
<arg>${val1}</arg>
<arg>${val2}</arg>
</arguments>
<assign>
<var>${response}</var>
</assign>
<kw name="Create Dictionary" library="BuiltIn">
<doc>Creates and returns a dictionary based on the given ``items``.</doc>
<arguments>
<arg>val1=${val1}</arg>
<arg>val2=${val2}</arg>
</arguments>
<assign>
<var>${params}</var>
</assign>
<msg timestamp="20200321 01:32:44.241" level="INFO">${params} = {'val1': '4', 'val2': '4'}</msg>
<status status="PASS" starttime="20200321 01:32:44.240" endtime="20200321 01:32:44.241"></status>
</kw>
<kw name="Get Request" library="RequestsLibrary">
<doc>Send a GET request on the session object found using the
given `alias`</doc>
<arguments>
<arg>calculator_url</arg>
<arg>${endpoint}</arg>
<arg>params=${params}</arg>
</arguments>
<assign>
<var>${response}</var>
</assign>
<msg timestamp="20200321 01:32:44.241" level="INFO">GET Request using : uri=/v1/add?, params={'val1': '4', 'val2': '4'}, allow_redirects=True, timeout=None
headers={'User-Agent': 'python-requests/2.23.0', 'Accept-Encoding': 'gzip, deflate', 'Accept': '*/*', 'Connection': 'keep-alive'} 
data=None 
json=None</msg>
<msg timestamp="20200321 01:32:44.246" level="INFO">${response} = &lt;Response [200]&gt;</msg>
<status status="PASS" starttime="20200321 01:32:44.241" endtime="20200321 01:32:44.246"></status>
</kw>
<msg timestamp="20200321 01:32:44.246" level="INFO">${response} = &lt;Response [200]&gt;</msg>
<status status="PASS" starttime="20200321 01:32:44.240" endtime="20200321 01:32:44.246"></status>
</kw>
<kw name="Get From Dictionary" library="Collections">
<doc>Returns a value from the given ``dictionary`` based on the given ``key``.</doc>
<arguments>
<arg>${response.headers}</arg>
<arg>Content-Type</arg>
</arguments>
<assign>
<var>${contentTypeValue}</var>
</assign>
<msg timestamp="20200321 01:32:44.247" level="INFO">${contentTypeValue} = application/json</msg>
<status status="PASS" starttime="20200321 01:32:44.247" endtime="20200321 01:32:44.247"></status>
</kw>
<kw name="Should Be Equal" library="BuiltIn">
<doc>Fails if the given objects are unequal.</doc>
<arguments>
<arg>${contentTypeValue}</arg>
<arg>application/json</arg>
</arguments>
<status status="PASS" starttime="20200321 01:32:44.247" endtime="20200321 01:32:44.247"></status>
</kw>
<status status="PASS" starttime="20200321 01:32:44.240" endtime="20200321 01:32:44.248"></status>
</kw>
<status status="PASS" starttime="20200321 01:32:44.233" endtime="20200321 01:32:44.248"></status>
</kw>
<kw name="Result Should Be Equals">
<arguments>
<arg>${val1}</arg>
<arg>${val2}</arg>
<arg>${properResult}</arg>
</arguments>
<kw name="Create Dictionary And Send Request">
<arguments>
<arg>${val1}</arg>
<arg>${val2}</arg>
</arguments>
<assign>
<var>${response}</var>
</assign>
<kw name="Create Dictionary" library="BuiltIn">
<doc>Creates and returns a dictionary based on the given ``items``.</doc>
<arguments>
<arg>val1=${val1}</arg>
<arg>val2=${val2}</arg>
</arguments>
<assign>
<var>${params}</var>
</assign>
<msg timestamp="20200321 01:32:44.249" level="INFO">${params} = {'val1': '4', 'val2': '4'}</msg>
<status status="PASS" starttime="20200321 01:32:44.249" endtime="20200321 01:32:44.249"></status>
</kw>
<kw name="Get Request" library="RequestsLibrary">
<doc>Send a GET request on the session object found using the
given `alias`</doc>
<arguments>
<arg>calculator_url</arg>
<arg>${endpoint}</arg>
<arg>params=${params}</arg>
</arguments>
<assign>
<var>${response}</var>
</assign>
<msg timestamp="20200321 01:32:44.250" level="INFO">GET Request using : uri=/v1/add?, params={'val1': '4', 'val2': '4'}, allow_redirects=True, timeout=None
headers={'User-Agent': 'python-requests/2.23.0', 'Accept-Encoding': 'gzip, deflate', 'Accept': '*/*', 'Connection': 'keep-alive'} 
data=None 
json=None</msg>
<msg timestamp="20200321 01:32:44.256" level="INFO">${response} = &lt;Response [200]&gt;</msg>
<status status="PASS" starttime="20200321 01:32:44.249" endtime="20200321 01:32:44.256"></status>
</kw>
<msg timestamp="20200321 01:32:44.256" level="INFO">${response} = &lt;Response [200]&gt;</msg>
<status status="PASS" starttime="20200321 01:32:44.248" endtime="20200321 01:32:44.256"></status>
</kw>
<kw name="Convert To String" library="BuiltIn">
<doc>Converts the given item to a Unicode string.</doc>
<arguments>
<arg>${response.content}</arg>
</arguments>
<assign>
<var>${body}</var>
</assign>
<msg timestamp="20200321 01:32:44.257" level="INFO">${body} = {"result":8}</msg>
<status status="PASS" starttime="20200321 01:32:44.256" endtime="20200321 01:32:44.257"></status>
</kw>
<kw name="Should Contain" library="BuiltIn">
<doc>Fails if ``container`` does not contain ``item`` one or more times.</doc>
<arguments>
<arg>${body}</arg>
<arg>${result}</arg>
</arguments>
<status status="PASS" starttime="20200321 01:32:44.257" endtime="20200321 01:32:44.257"></status>
</kw>
<status status="PASS" starttime="20200321 01:32:44.248" endtime="20200321 01:32:44.257"></status>
</kw>
<kw name="Result Should Not Be Equals">
<arguments>
<arg>${val1}</arg>
<arg>${val2}</arg>
<arg>${improperResult}</arg>
</arguments>
<kw name="Create Dictionary And Send Request">
<arguments>
<arg>${val1}</arg>
<arg>${val2}</arg>
</arguments>
<assign>
<var>${response}</var>
</assign>
<kw name="Create Dictionary" library="BuiltIn">
<doc>Creates and returns a dictionary based on the given ``items``.</doc>
<arguments>
<arg>val1=${val1}</arg>
<arg>val2=${val2}</arg>
</arguments>
<assign>
<var>${params}</var>
</assign>
<msg timestamp="20200321 01:32:44.258" level="INFO">${params} = {'val1': '4', 'val2': '4'}</msg>
<status status="PASS" starttime="20200321 01:32:44.258" endtime="20200321 01:32:44.258"></status>
</kw>
<kw name="Get Request" library="RequestsLibrary">
<doc>Send a GET request on the session object found using the
given `alias`</doc>
<arguments>
<arg>calculator_url</arg>
<arg>${endpoint}</arg>
<arg>params=${params}</arg>
</arguments>
<assign>
<var>${response}</var>
</assign>
<msg timestamp="20200321 01:32:44.259" level="INFO">GET Request using : uri=/v1/add?, params={'val1': '4', 'val2': '4'}, allow_redirects=True, timeout=None
headers={'User-Agent': 'python-requests/2.23.0', 'Accept-Encoding': 'gzip, deflate', 'Accept': '*/*', 'Connection': 'keep-alive'} 
data=None 
json=None</msg>
<msg timestamp="20200321 01:32:44.262" level="INFO">${response} = &lt;Response [200]&gt;</msg>
<status status="PASS" starttime="20200321 01:32:44.258" endtime="20200321 01:32:44.262"></status>
</kw>
<msg timestamp="20200321 01:32:44.262" level="INFO">${response} = &lt;Response [200]&gt;</msg>
<status status="PASS" starttime="20200321 01:32:44.258" endtime="20200321 01:32:44.262"></status>
</kw>
<kw name="Convert To String" library="BuiltIn">
<doc>Converts the given item to a Unicode string.</doc>
<arguments>
<arg>${response.content}</arg>
</arguments>
<assign>
<var>${body}</var>
</assign>
<msg timestamp="20200321 01:32:44.263" level="INFO">${body} = {"result":8}</msg>
<status status="PASS" starttime="20200321 01:32:44.263" endtime="20200321 01:32:44.263"></status>
</kw>
<kw name="Should Not Contain" library="BuiltIn">
<doc>Fails if ``container`` contains ``item`` one or more times.</doc>
<arguments>
<arg>${body}</arg>
<arg>${result}</arg>
</arguments>
<status status="PASS" starttime="20200321 01:32:44.263" endtime="20200321 01:32:44.264"></status>
</kw>
<status status="PASS" starttime="20200321 01:32:44.257" endtime="20200321 01:32:44.264"></status>
</kw>
<status status="PASS" starttime="20200321 01:32:44.232" endtime="20200321 01:32:44.264" critical="yes"></status>
</test>
<status status="PASS" starttime="20200321 01:32:44.176" endtime="20200321 01:32:44.264"></status>
</suite>
<statistics>
<total>
<stat pass="1" fail="0">Critical Tests</stat>
<stat pass="1" fail="0">All Tests</stat>
</total>
<tag>
</tag>
<suite>
<stat pass="1" fail="0" id="s1" name="TC1">TC1</stat>
</suite>
</statistics>
<errors>
<msg timestamp="20200321 01:32:44.227" level="ERROR">Error in file '/home/edyta/PycharmProjects/firstOne/TestCases/TC1.robot': Importing test library 'HttpLibrary.HTTP' failed: SyntaxError: invalid syntax (__init__.py, line 16)
Traceback (most recent call last):
  None
PYTHONPATH:
  /home/edyta/PycharmProjects/firstOne/venv/bin
  /usr/lib/python37.zip
  /usr/lib/python3.7
  /usr/lib/python3.7/lib-dynload
  /home/edyta/PycharmProjects/firstOne/venv/lib/python3.7/site-packages
  /home/edyta/PycharmProjects/firstOne/venv/lib/python3.7/site-packages/setuptools-40.8.0-py3.7.egg
  /home/edyta/PycharmProjects/firstOne/venv/lib/python3.7/site-packages/pip-19.0.3-py3.7.egg</msg>
</errors>
</robot>
