<?xml version="1.0" encoding="UTF-8"?>
<robot generator="Robot 3.1.2 (Python 3.7.5 on linux)" generated="20200320 18:22:27.766" rpa="false">
<suite id="s1" name="TC1" source="/home/edyta/PycharmProjects/firstOne/TestCases/TC1.robot">
<test id="s1-t1" name="AddValues">
<kw name="Create Sessions">
<kw name="Create Session" library="RequestsLibrary">
<doc>Create Session: create a HTTP session to a server</doc>
<arguments>
<arg>calculator_url</arg>
<arg>${base_url}</arg>
</arguments>
<msg timestamp="20200320 18:22:27.824" level="INFO">Creating Session using : alias=calculator_url, url=http://localhost:8080, headers={},                     cookies={}, auth=None, timeout=None, proxies=None, verify=False,                     debug=0 </msg>
<status status="PASS" starttime="20200320 18:22:27.824" endtime="20200320 18:22:27.825"></status>
</kw>
<status status="PASS" starttime="20200320 18:22:27.824" endtime="20200320 18:22:27.825"></status>
</kw>
<kw name="Check Status And Content Type">
<arguments>
<arg>${val1}</arg>
<arg>${val2}</arg>
</arguments>
<kw name="Get Request" library="RequestsLibrary">
<doc>Send a GET request on the session object found using the
given `alias`</doc>
<arguments>
<arg>calculator_url</arg>
<arg>${endpoint}val1=${val1}&amp;val2=${val2}</arg>
</arguments>
<assign>
<var>${response}</var>
</assign>
<msg timestamp="20200320 18:22:27.826" level="INFO">GET Request using : uri=/v1/add?val1=4&amp;val2=4, params=None, allow_redirects=True, timeout=None
headers={'User-Agent': 'python-requests/2.23.0', 'Accept-Encoding': 'gzip, deflate', 'Accept': '*/*', 'Connection': 'keep-alive'} 
data=None 
json=None</msg>
<msg timestamp="20200320 18:22:27.833" level="INFO">${response} = &lt;Response [200]&gt;</msg>
<status status="PASS" starttime="20200320 18:22:27.825" endtime="20200320 18:22:27.833"></status>
</kw>
<kw name="Check Status">
<arguments>
<arg>${response}</arg>
</arguments>
<kw name="Convert To String" library="BuiltIn">
<doc>Converts the given item to a Unicode string.</doc>
<arguments>
<arg>${response.status_code}</arg>
</arguments>
<assign>
<var>${status_code}</var>
</assign>
<msg timestamp="20200320 18:22:27.833" level="INFO">${status_code} = 200</msg>
<status status="PASS" starttime="20200320 18:22:27.833" endtime="20200320 18:22:27.833"></status>
</kw>
<kw name="Should Be Equal" library="BuiltIn">
<doc>Fails if the given objects are unequal.</doc>
<arguments>
<arg>${status_code}</arg>
<arg>200</arg>
</arguments>
<status status="PASS" starttime="20200320 18:22:27.833" endtime="20200320 18:22:27.834"></status>
</kw>
<status status="PASS" starttime="20200320 18:22:27.833" endtime="20200320 18:22:27.834"></status>
</kw>
<kw name="Check Content Type">
<arguments>
<arg>${response}</arg>
</arguments>
<kw name="Get From Dictionary" library="Collections">
<doc>Returns a value from the given ``dictionary`` based on the given ``key``.</doc>
<arguments>
<arg>${response.headers}</arg>
<arg>Content-Type</arg>
</arguments>
<assign>
<var>${contentTypeValue}</var>
</assign>
<msg timestamp="20200320 18:22:27.834" level="INFO">${contentTypeValue} = application/json</msg>
<status status="PASS" starttime="20200320 18:22:27.834" endtime="20200320 18:22:27.834"></status>
</kw>
<kw name="Should Be Equal" library="BuiltIn">
<doc>Fails if the given objects are unequal.</doc>
<arguments>
<arg>${contentTypeValue}</arg>
<arg>application/json</arg>
</arguments>
<status status="PASS" starttime="20200320 18:22:27.834" endtime="20200320 18:22:27.834"></status>
</kw>
<status status="PASS" starttime="20200320 18:22:27.834" endtime="20200320 18:22:27.835"></status>
</kw>
<status status="PASS" starttime="20200320 18:22:27.825" endtime="20200320 18:22:27.835"></status>
</kw>
<kw name="Result Should Be Equals">
<arguments>
<arg>${val1}</arg>
<arg>${val2}</arg>
<arg>${properResult}</arg>
</arguments>
<kw name="Get Request" library="RequestsLibrary">
<doc>Send a GET request on the session object found using the
given `alias`</doc>
<arguments>
<arg>calculator_url</arg>
<arg>${endpoint}val1=${val1}&amp;val2=${val2}</arg>
</arguments>
<assign>
<var>${response}</var>
</assign>
<msg timestamp="20200320 18:22:27.836" level="INFO">GET Request using : uri=/v1/add?val1=4&amp;val2=4, params=None, allow_redirects=True, timeout=None
headers={'User-Agent': 'python-requests/2.23.0', 'Accept-Encoding': 'gzip, deflate', 'Accept': '*/*', 'Connection': 'keep-alive'} 
data=None 
json=None</msg>
<msg timestamp="20200320 18:22:27.840" level="INFO">${response} = &lt;Response [200]&gt;</msg>
<status status="PASS" starttime="20200320 18:22:27.835" endtime="20200320 18:22:27.840"></status>
</kw>
<kw name="Convert To String" library="BuiltIn">
<doc>Converts the given item to a Unicode string.</doc>
<arguments>
<arg>${response.content}</arg>
</arguments>
<assign>
<var>${body}</var>
</assign>
<msg timestamp="20200320 18:22:27.841" level="INFO">${body} = {"result":8}</msg>
<status status="PASS" starttime="20200320 18:22:27.840" endtime="20200320 18:22:27.841"></status>
</kw>
<kw name="Should Contain" library="BuiltIn">
<doc>Fails if ``container`` does not contain ``item`` one or more times.</doc>
<arguments>
<arg>${body}</arg>
<arg>${result}</arg>
</arguments>
<status status="PASS" starttime="20200320 18:22:27.841" endtime="20200320 18:22:27.841"></status>
</kw>
<status status="PASS" starttime="20200320 18:22:27.835" endtime="20200320 18:22:27.841"></status>
</kw>
<kw name="Result Should Not Be Equals">
<arguments>
<arg>${val1}</arg>
<arg>${val2}</arg>
<arg>${improperResult}</arg>
</arguments>
<kw name="Get Request" library="RequestsLibrary">
<doc>Send a GET request on the session object found using the
given `alias`</doc>
<arguments>
<arg>calculator_url</arg>
<arg>${endpoint}val1=${val1}&amp;val2=${val2}</arg>
</arguments>
<assign>
<var>${response}</var>
</assign>
<msg timestamp="20200320 18:22:27.842" level="INFO">GET Request using : uri=/v1/add?val1=4&amp;val2=4, params=None, allow_redirects=True, timeout=None
headers={'User-Agent': 'python-requests/2.23.0', 'Accept-Encoding': 'gzip, deflate', 'Accept': '*/*', 'Connection': 'keep-alive'} 
data=None 
json=None</msg>
<msg timestamp="20200320 18:22:27.846" level="INFO">${response} = &lt;Response [200]&gt;</msg>
<status status="PASS" starttime="20200320 18:22:27.841" endtime="20200320 18:22:27.846"></status>
</kw>
<kw name="Convert To String" library="BuiltIn">
<doc>Converts the given item to a Unicode string.</doc>
<arguments>
<arg>${response.content}</arg>
</arguments>
<assign>
<var>${body}</var>
</assign>
<msg timestamp="20200320 18:22:27.847" level="INFO">${body} = {"result":8}</msg>
<status status="PASS" starttime="20200320 18:22:27.846" endtime="20200320 18:22:27.847"></status>
</kw>
<kw name="Should Not Contain" library="BuiltIn">
<doc>Fails if ``container`` contains ``item`` one or more times.</doc>
<arguments>
<arg>${body}</arg>
<arg>${result}</arg>
</arguments>
<status status="PASS" starttime="20200320 18:22:27.847" endtime="20200320 18:22:27.847"></status>
</kw>
<status status="PASS" starttime="20200320 18:22:27.841" endtime="20200320 18:22:27.847"></status>
</kw>
<status status="PASS" starttime="20200320 18:22:27.823" endtime="20200320 18:22:27.847" critical="yes"></status>
</test>
<status status="PASS" starttime="20200320 18:22:27.766" endtime="20200320 18:22:27.847"></status>
</suite>
<statistics>
<total>
<stat pass="1" fail="0">Critical Tests</stat>
<stat pass="1" fail="0">All Tests</stat>
</total>
<tag>
</tag>
<suite>
<stat pass="1" fail="0" id="s1" name="TC1">TC1</stat>
</suite>
</statistics>
<errors>
<msg timestamp="20200320 18:22:27.818" level="ERROR">Error in file '/home/edyta/PycharmProjects/firstOne/TestCases/TC1.robot': Importing test library 'HttpLibrary.HTTP' failed: SyntaxError: invalid syntax (__init__.py, line 16)
Traceback (most recent call last):
  None
PYTHONPATH:
  /home/edyta/PycharmProjects/firstOne/venv/bin
  /usr/lib/python37.zip
  /usr/lib/python3.7
  /usr/lib/python3.7/lib-dynload
  /home/edyta/PycharmProjects/firstOne/venv/lib/python3.7/site-packages
  /home/edyta/PycharmProjects/firstOne/venv/lib/python3.7/site-packages/setuptools-40.8.0-py3.7.egg
  /home/edyta/PycharmProjects/firstOne/venv/lib/python3.7/site-packages/pip-19.0.3-py3.7.egg</msg>
</errors>
</robot>
