<?xml version="1.0" encoding="UTF-8"?>
<robot generator="Robot 3.1.2 (Python 3.7.5 on linux)" generated="20200326 09:54:12.882" rpa="false">
<suite id="s1" name="TC1" source="/home/edyta/PycharmProjects/firstOne/TestCases/TC1.robot">
<test id="s1-t1" name="RunHealthcheck">
<kw name="Create Sessions">
<kw name="Create Session" library="RequestsLibrary">
<doc>Create Session: create a HTTP session to a server</doc>
<arguments>
<arg>calculator_url</arg>
<arg>${base_url}</arg>
</arguments>
<msg timestamp="20200326 09:54:13.040" level="INFO">Creating Session using : alias=calculator_url, url=http://localhost:8080, headers={},                     cookies={}, auth=None, timeout=None, proxies=None, verify=False,                     debug=0 </msg>
<status status="PASS" starttime="20200326 09:54:13.039" endtime="20200326 09:54:13.040"></status>
</kw>
<kw name="Set Suite Variable" library="BuiltIn">
<doc>Makes a variable available everywhere within the scope of the current suite.</doc>
<arguments>
<arg>${http_session}</arg>
<arg>calculator_url</arg>
</arguments>
<msg timestamp="20200326 09:54:13.041" level="INFO">${http_session} = calculator_url</msg>
<status status="PASS" starttime="20200326 09:54:13.040" endtime="20200326 09:54:13.041"></status>
</kw>
<status status="PASS" starttime="20200326 09:54:13.039" endtime="20200326 09:54:13.041"></status>
</kw>
<kw name="Check Status And Content Type">
<kw name="Check Status">
<kw name="Create Dictionary And Send Request">
<arguments>
<arg>${val1}</arg>
<arg>${val2}</arg>
</arguments>
<assign>
<var>${response}</var>
</assign>
<kw name="Create Dictionary" library="BuiltIn">
<doc>Creates and returns a dictionary based on the given ``items``.</doc>
<arguments>
<arg>val1=${val1}</arg>
<arg>val2=${val2}</arg>
</arguments>
<assign>
<var>${params}</var>
</assign>
<msg timestamp="20200326 09:54:13.043" level="INFO">${params} = {'val1': '4', 'val2': '4'}</msg>
<status status="PASS" starttime="20200326 09:54:13.043" endtime="20200326 09:54:13.043"></status>
</kw>
<kw name="Get Request" library="RequestsLibrary">
<doc>Send a GET request on the session object found using the
given `alias`</doc>
<arguments>
<arg>${http_session}</arg>
<arg>${endpoint}</arg>
<arg>params=${params}</arg>
</arguments>
<assign>
<var>${response}</var>
</assign>
<msg timestamp="20200326 09:54:13.044" level="INFO">GET Request using : uri=/v1/add?, params={'val1': '4', 'val2': '4'}, allow_redirects=True, timeout=None
headers={'User-Agent': 'python-requests/2.23.0', 'Accept-Encoding': 'gzip, deflate', 'Accept': '*/*', 'Connection': 'keep-alive'} 
data=None 
json=None</msg>
<msg timestamp="20200326 09:54:13.054" level="INFO">${response} = &lt;Response [200]&gt;</msg>
<status status="PASS" starttime="20200326 09:54:13.043" endtime="20200326 09:54:13.054"></status>
</kw>
<msg timestamp="20200326 09:54:13.054" level="INFO">${response} = &lt;Response [200]&gt;</msg>
<status status="PASS" starttime="20200326 09:54:13.042" endtime="20200326 09:54:13.054"></status>
</kw>
<kw name="Convert To String" library="BuiltIn">
<doc>Converts the given item to a Unicode string.</doc>
<arguments>
<arg>${response.status_code}</arg>
</arguments>
<assign>
<var>${status_code}</var>
</assign>
<msg timestamp="20200326 09:54:13.055" level="INFO">${status_code} = 200</msg>
<status status="PASS" starttime="20200326 09:54:13.055" endtime="20200326 09:54:13.055"></status>
</kw>
<kw name="Should Be Equal" library="BuiltIn">
<doc>Fails if the given objects are unequal.</doc>
<arguments>
<arg>${status_code}</arg>
<arg>200</arg>
</arguments>
<status status="PASS" starttime="20200326 09:54:13.055" endtime="20200326 09:54:13.056"></status>
</kw>
<status status="PASS" starttime="20200326 09:54:13.042" endtime="20200326 09:54:13.056"></status>
</kw>
<kw name="Check Content Type">
<kw name="Create Dictionary And Send Request">
<arguments>
<arg>${val1}</arg>
<arg>${val2}</arg>
</arguments>
<assign>
<var>${response}</var>
</assign>
<kw name="Create Dictionary" library="BuiltIn">
<doc>Creates and returns a dictionary based on the given ``items``.</doc>
<arguments>
<arg>val1=${val1}</arg>
<arg>val2=${val2}</arg>
</arguments>
<assign>
<var>${params}</var>
</assign>
<msg timestamp="20200326 09:54:13.056" level="INFO">${params} = {'val1': '4', 'val2': '4'}</msg>
<status status="PASS" starttime="20200326 09:54:13.056" endtime="20200326 09:54:13.057"></status>
</kw>
<kw name="Get Request" library="RequestsLibrary">
<doc>Send a GET request on the session object found using the
given `alias`</doc>
<arguments>
<arg>${http_session}</arg>
<arg>${endpoint}</arg>
<arg>params=${params}</arg>
</arguments>
<assign>
<var>${response}</var>
</assign>
<msg timestamp="20200326 09:54:13.057" level="INFO">GET Request using : uri=/v1/add?, params={'val1': '4', 'val2': '4'}, allow_redirects=True, timeout=None
headers={'User-Agent': 'python-requests/2.23.0', 'Accept-Encoding': 'gzip, deflate', 'Accept': '*/*', 'Connection': 'keep-alive'} 
data=None 
json=None</msg>
<msg timestamp="20200326 09:54:13.088" level="INFO">${response} = &lt;Response [200]&gt;</msg>
<status status="PASS" starttime="20200326 09:54:13.057" endtime="20200326 09:54:13.088"></status>
</kw>
<msg timestamp="20200326 09:54:13.088" level="INFO">${response} = &lt;Response [200]&gt;</msg>
<status status="PASS" starttime="20200326 09:54:13.056" endtime="20200326 09:54:13.088"></status>
</kw>
<kw name="Get From Dictionary" library="Collections">
<doc>Returns a value from the given ``dictionary`` based on the given ``key``.</doc>
<arguments>
<arg>${response.headers}</arg>
<arg>Content-Type</arg>
</arguments>
<assign>
<var>${contentTypeValue}</var>
</assign>
<msg timestamp="20200326 09:54:13.089" level="INFO">${contentTypeValue} = application/json</msg>
<status status="PASS" starttime="20200326 09:54:13.088" endtime="20200326 09:54:13.089"></status>
</kw>
<kw name="Should Be Equal" library="BuiltIn">
<doc>Fails if the given objects are unequal.</doc>
<arguments>
<arg>${contentTypeValue}</arg>
<arg>application/json</arg>
</arguments>
<status status="PASS" starttime="20200326 09:54:13.089" endtime="20200326 09:54:13.089"></status>
</kw>
<status status="PASS" starttime="20200326 09:54:13.056" endtime="20200326 09:54:13.089"></status>
</kw>
<status status="PASS" starttime="20200326 09:54:13.041" endtime="20200326 09:54:13.089"></status>
</kw>
<status status="PASS" starttime="20200326 09:54:13.038" endtime="20200326 09:54:13.090" critical="yes"></status>
</test>
<test id="s1-t2" name="AddValuesCorrect">
<kw name="Result Should Be Equals">
<arguments>
<arg>${val1}</arg>
<arg>${val2}</arg>
<arg>${properResult}</arg>
</arguments>
<kw name="Create Dictionary And Send Request">
<arguments>
<arg>${val1}</arg>
<arg>${val2}</arg>
</arguments>
<assign>
<var>${response}</var>
</assign>
<kw name="Create Dictionary" library="BuiltIn">
<doc>Creates and returns a dictionary based on the given ``items``.</doc>
<arguments>
<arg>val1=${val1}</arg>
<arg>val2=${val2}</arg>
</arguments>
<assign>
<var>${params}</var>
</assign>
<msg timestamp="20200326 09:54:13.109" level="INFO">${params} = {'val1': '4', 'val2': '4'}</msg>
<status status="PASS" starttime="20200326 09:54:13.108" endtime="20200326 09:54:13.109"></status>
</kw>
<kw name="Get Request" library="RequestsLibrary">
<doc>Send a GET request on the session object found using the
given `alias`</doc>
<arguments>
<arg>${http_session}</arg>
<arg>${endpoint}</arg>
<arg>params=${params}</arg>
</arguments>
<assign>
<var>${response}</var>
</assign>
<msg timestamp="20200326 09:54:13.110" level="INFO">GET Request using : uri=/v1/add?, params={'val1': '4', 'val2': '4'}, allow_redirects=True, timeout=None
headers={'User-Agent': 'python-requests/2.23.0', 'Accept-Encoding': 'gzip, deflate', 'Accept': '*/*', 'Connection': 'keep-alive'} 
data=None 
json=None</msg>
<msg timestamp="20200326 09:54:13.122" level="INFO">${response} = &lt;Response [200]&gt;</msg>
<status status="PASS" starttime="20200326 09:54:13.109" endtime="20200326 09:54:13.122"></status>
</kw>
<msg timestamp="20200326 09:54:13.123" level="INFO">${response} = &lt;Response [200]&gt;</msg>
<status status="PASS" starttime="20200326 09:54:13.092" endtime="20200326 09:54:13.123"></status>
</kw>
<kw name="Convert To String" library="BuiltIn">
<doc>Converts the given item to a Unicode string.</doc>
<arguments>
<arg>${response.content}</arg>
</arguments>
<assign>
<var>${body}</var>
</assign>
<msg timestamp="20200326 09:54:13.127" level="INFO">${body} = {"result":8}</msg>
<status status="PASS" starttime="20200326 09:54:13.123" endtime="20200326 09:54:13.127"></status>
</kw>
<kw name="Should Contain" library="BuiltIn">
<doc>Fails if ``container`` does not contain ``item`` one or more times.</doc>
<arguments>
<arg>${body}</arg>
<arg>${result}</arg>
</arguments>
<status status="PASS" starttime="20200326 09:54:13.127" endtime="20200326 09:54:13.128"></status>
</kw>
<status status="PASS" starttime="20200326 09:54:13.091" endtime="20200326 09:54:13.129"></status>
</kw>
<status status="PASS" starttime="20200326 09:54:13.090" endtime="20200326 09:54:13.131" critical="yes"></status>
</test>
<test id="s1-t3" name="AddValuesWrong">
<kw name="Result Should Not Be Equals">
<arguments>
<arg>${val1}</arg>
<arg>${val2}</arg>
<arg>${improperResult}</arg>
</arguments>
<kw name="Create Dictionary And Send Request">
<arguments>
<arg>${val1}</arg>
<arg>${val2}</arg>
</arguments>
<assign>
<var>${response}</var>
</assign>
<kw name="Create Dictionary" library="BuiltIn">
<doc>Creates and returns a dictionary based on the given ``items``.</doc>
<arguments>
<arg>val1=${val1}</arg>
<arg>val2=${val2}</arg>
</arguments>
<assign>
<var>${params}</var>
</assign>
<msg timestamp="20200326 09:54:13.152" level="INFO">${params} = {'val1': '4', 'val2': '4'}</msg>
<status status="PASS" starttime="20200326 09:54:13.150" endtime="20200326 09:54:13.152"></status>
</kw>
<kw name="Get Request" library="RequestsLibrary">
<doc>Send a GET request on the session object found using the
given `alias`</doc>
<arguments>
<arg>${http_session}</arg>
<arg>${endpoint}</arg>
<arg>params=${params}</arg>
</arguments>
<assign>
<var>${response}</var>
</assign>
<msg timestamp="20200326 09:54:13.152" level="INFO">GET Request using : uri=/v1/add?, params={'val1': '4', 'val2': '4'}, allow_redirects=True, timeout=None
headers={'User-Agent': 'python-requests/2.23.0', 'Accept-Encoding': 'gzip, deflate', 'Accept': '*/*', 'Connection': 'keep-alive'} 
data=None 
json=None</msg>
<msg timestamp="20200326 09:54:13.163" level="INFO">${response} = &lt;Response [200]&gt;</msg>
<status status="PASS" starttime="20200326 09:54:13.152" endtime="20200326 09:54:13.163"></status>
</kw>
<msg timestamp="20200326 09:54:13.163" level="INFO">${response} = &lt;Response [200]&gt;</msg>
<status status="PASS" starttime="20200326 09:54:13.149" endtime="20200326 09:54:13.163"></status>
</kw>
<kw name="Convert To String" library="BuiltIn">
<doc>Converts the given item to a Unicode string.</doc>
<arguments>
<arg>${response.content}</arg>
</arguments>
<assign>
<var>${body}</var>
</assign>
<msg timestamp="20200326 09:54:13.169" level="INFO">${body} = {"result":8}</msg>
<status status="PASS" starttime="20200326 09:54:13.163" endtime="20200326 09:54:13.169"></status>
</kw>
<kw name="Should Not Contain" library="BuiltIn">
<doc>Fails if ``container`` contains ``item`` one or more times.</doc>
<arguments>
<arg>${body}</arg>
<arg>${result}</arg>
</arguments>
<status status="PASS" starttime="20200326 09:54:13.171" endtime="20200326 09:54:13.173"></status>
</kw>
<status status="PASS" starttime="20200326 09:54:13.142" endtime="20200326 09:54:13.175"></status>
</kw>
<status status="PASS" starttime="20200326 09:54:13.138" endtime="20200326 09:54:13.175" critical="yes"></status>
</test>
<status status="PASS" starttime="20200326 09:54:12.886" endtime="20200326 09:54:13.176"></status>
</suite>
<statistics>
<total>
<stat pass="3" fail="0">Critical Tests</stat>
<stat pass="3" fail="0">All Tests</stat>
</total>
<tag>
</tag>
<suite>
<stat pass="3" fail="0" id="s1" name="TC1">TC1</stat>
</suite>
</statistics>
<errors>
<msg timestamp="20200326 09:54:13.032" level="ERROR">Error in file '/home/edyta/PycharmProjects/firstOne/TestCases/TC1.robot': Importing test library 'HttpLibrary.HTTP' failed: SyntaxError: invalid syntax (__init__.py, line 16)
Traceback (most recent call last):
  None
PYTHONPATH:
  /home/edyta/PycharmProjects/firstOne/venv/bin
  /usr/lib/python37.zip
  /usr/lib/python3.7
  /usr/lib/python3.7/lib-dynload
  /home/edyta/PycharmProjects/firstOne/venv/lib/python3.7/site-packages
  /home/edyta/PycharmProjects/firstOne/venv/lib/python3.7/site-packages/setuptools-40.8.0-py3.7.egg
  /home/edyta/PycharmProjects/firstOne/venv/lib/python3.7/site-packages/pip-19.0.3-py3.7.egg</msg>
</errors>
</robot>
